<?xml version="1.0" encoding="UTF-8"?>
<coverage generated="1725124962381" clover="3.2.0">
  <project timestamp="1725124962381" name="All files">
    <metrics statements="15" coveredstatements="14" conditionals="6" coveredconditionals="6" methods="9" coveredmethods="8" elements="30" coveredelements="28" complexity="0" loc="15" ncloc="15" packages="1" files="1" classes="1"/>
    <file name="library.ts" path="D:\LD\Library-Management-System\library.ts">
      <metrics statements="15" coveredstatements="14" conditionals="6" coveredconditionals="6" methods="9" coveredmethods="8"/>
      <line num="10" count="1" type="stmt"/>
      <line num="11" count="7" type="stmt"/>
      <line num="14" count="10" type="stmt"/>
      <line num="18" count="4" type="stmt"/>
      <line num="19" count="4" type="cond" truecount="3" falsecount="0"/>
      <line num="20" count="3" type="stmt"/>
      <line num="21" count="3" type="stmt"/>
      <line num="23" count="1" type="stmt"/>
      <line num="27" count="9" type="stmt"/>
      <line num="31" count="3" type="stmt"/>
      <line num="32" count="3" type="cond" truecount="3" falsecount="0"/>
      <line num="33" count="1" type="stmt"/>
      <line num="34" count="1" type="stmt"/>
      <line num="36" count="2" type="stmt"/>
      <line num="40" count="0" type="stmt"/>
    </file>
  </project>
</coverage>
