{"D:\\LD\\Library-Management-System\\library.ts": {"path":"D:\\LD\\Library-Management-System\\library.ts","statementMap":{"0":{"start":{"line":11,"column":10},"end":{"line":11,"column":29}},"1":{"start":{"line":14,"column":4},"end":{"line":14,"column":52}},"2":{"start":{"line":18,"column":17},"end":{"line":18,"column":62}},"3":{"start":{"line":18,"column":43},"end":{"line":18,"column":61}},"4":{"start":{"line":19,"column":4},"end":{"line":22,"column":5}},"5":{"start":{"line":20,"column":6},"end":{"line":20,"column":29}},"6":{"start":{"line":21,"column":6},"end":{"line":21,"column":18}},"7":{"start":{"line":23,"column":4},"end":{"line":23,"column":17}},"8":{"start":{"line":27,"column":4},"end":{"line":27,"column":57}},"9":{"start":{"line":27,"column":39},"end":{"line":27,"column":55}},"10":{"start":{"line":31,"column":17},"end":{"line":31,"column":62}},"11":{"start":{"line":31,"column":43},"end":{"line":31,"column":61}},"12":{"start":{"line":32,"column":4},"end":{"line":35,"column":5}},"13":{"start":{"line":33,"column":6},"end":{"line":33,"column":30}},"14":{"start":{"line":34,"column":6},"end":{"line":34,"column":18}},"15":{"start":{"line":36,"column":4},"end":{"line":36,"column":17}},"16":{"start":{"line":40,"column":4},"end":{"line":40,"column":22}},"17":{"start":{"line":10,"column":0},"end":{"line":10,"column":13}}},"fnMap":{"0":{"name":"(anonymous_0)","decl":{"start":{"line":10,"column":0},"end":{"line":10,"column":13}},"loc":{"start":{"line":10,"column":0},"end":{"line":42,"column":1}}},"1":{"name":"(anonymous_1)","decl":{"start":{"line":13,"column":2},"end":{"line":13,"column":9}},"loc":{"start":{"line":13,"column":20},"end":{"line":15,"column":3}}},"2":{"name":"(anonymous_2)","decl":{"start":{"line":17,"column":2},"end":{"line":17,"column":12}},"loc":{"start":{"line":17,"column":25},"end":{"line":24,"column":3}}},"3":{"name":"(anonymous_3)","decl":{"start":{"line":18,"column":33},"end":{"line":18,"column":34}},"loc":{"start":{"line":18,"column":43},"end":{"line":18,"column":61}}},"4":{"name":"(anonymous_4)","decl":{"start":{"line":26,"column":2},"end":{"line":26,"column":19}},"loc":{"start":{"line":26,"column":19},"end":{"line":28,"column":3}}},"5":{"name":"(anonymous_5)","decl":{"start":{"line":27,"column":29},"end":{"line":27,"column":30}},"loc":{"start":{"line":27,"column":39},"end":{"line":27,"column":55}}},"6":{"name":"(anonymous_6)","decl":{"start":{"line":30,"column":2},"end":{"line":30,"column":12}},"loc":{"start":{"line":30,"column":25},"end":{"line":37,"column":3}}},"7":{"name":"(anonymous_7)","decl":{"start":{"line":31,"column":33},"end":{"line":31,"column":34}},"loc":{"start":{"line":31,"column":43},"end":{"line":31,"column":61}}},"8":{"name":"(anonymous_8)","decl":{"start":{"line":39,"column":2},"end":{"line":39,"column":13}},"loc":{"start":{"line":39,"column":13},"end":{"line":41,"column":3}}}},"branchMap":{"0":{"loc":{"start":{"line":19,"column":4},"end":{"line":22,"column":5}},"type":"if","locations":[{"start":{"line":19,"column":4},"end":{"line":22,"column":5}}]},"1":{"loc":{"start":{"line":19,"column":8},"end":{"line":19,"column":32}},"type":"binary-expr","locations":[{"start":{"line":19,"column":8},"end":{"line":19,"column":12}},{"start":{"line":19,"column":16},"end":{"line":19,"column":32}}]},"2":{"loc":{"start":{"line":32,"column":4},"end":{"line":35,"column":5}},"type":"if","locations":[{"start":{"line":32,"column":4},"end":{"line":35,"column":5}}]},"3":{"loc":{"start":{"line":32,"column":8},"end":{"line":32,"column":31}},"type":"binary-expr","locations":[{"start":{"line":32,"column":8},"end":{"line":32,"column":12}},{"start":{"line":32,"column":16},"end":{"line":32,"column":31}}]}},"s":{"0":7,"1":10,"2":4,"3":4,"4":4,"5":3,"6":3,"7":1,"8":5,"9":9,"10":3,"11":2,"12":3,"13":1,"14":1,"15":2,"16":0,"17":1},"f":{"0":7,"1":10,"2":4,"3":4,"4":5,"5":9,"6":3,"7":2,"8":0},"b":{"0":[3],"1":[4,4],"2":[1],"3":[3,2]}}
}
