TN:
SF:library.ts
FN:10,(anonymous_0)
FN:13,(anonymous_1)
FN:17,(anonymous_2)
FN:18,(anonymous_3)
FN:26,(anonymous_4)
FN:27,(anonymous_5)
FN:30,(anonymous_6)
FN:31,(anonymous_7)
FN:39,(anonymous_8)
FNF:9
FNH:8
FNDA:7,(anonymous_0)
FNDA:10,(anonymous_1)
FNDA:4,(anonymous_2)
FNDA:4,(anonymous_3)
FNDA:5,(anonymous_4)
FNDA:9,(anonymous_5)
FNDA:3,(anonymous_6)
FNDA:2,(anonymous_7)
FNDA:0,(anonymous_8)
DA:10,1
DA:11,7
DA:14,10
DA:18,4
DA:19,4
DA:20,3
DA:21,3
DA:23,1
DA:27,9
DA:31,3
DA:32,3
DA:33,1
DA:34,1
DA:36,2
DA:40,0
LF:15
LH:14
BRDA:19,0,0,3
BRDA:19,1,0,4
BRDA:19,1,1,4
BRDA:32,2,0,1
BRDA:32,3,0,3
BRDA:32,3,1,2
BRF:6
BRH:6
end_of_record
